#
# A fatal error has been detected by the Java Runtime Environment:
#
#  SIGBUS (0xa) at pc=0x00007fff590dc02c, pid=5385, tid=4099
#
# JRE version: Java(TM) SE Runtime Environment (8.0_60-b27) (build 1.8.0_60-b27)
# Java VM: Java HotSpot(TM) 64-Bit Server VM (25.60-b23 mixed mode bsd-amd64 compressed oops)
# Problematic frame:
# C  [libsystem_platform.dylib+0x502c]  _platform_memmove$VARIANT$Haswell+0x10c
#
# Failed to write core dump. Core dumps have been disabled. To enable core dumping, try "ulimit -c unlimited" before starting Java again
#
# If you would like to submit a bug report, please visit:
#   http://bugreport.java.com/bugreport/crash.jsp
#

---------------  T H R E A D  ---------------

Current thread is native thread

siginfo: si_signo: 10 (SIGBUS), si_code: 2 (BUS_ADRERR), si_addr: 0x000000011041c800

Registers:
RAX=0x000000011041c800, RBX=0x0000000000000200, RCX=0x0000000000000020, RDX=0x00000000000001e0
RSP=0x00007000010c0d90, RBP=0x00007000010c0d90, RSI=0x00007fc57be50a40, RDI=0x000000011041c820
R8 =0x000000010fff4da0, R9 =0x0000000000000001, R10=0x00000000000f87e0, R11=0xffff803b945cbde0
R12=0x000000011041c800, R13=0x00007fc57bd9dd80, R14=0x00007fc57be50a20, R15=0x0000000000000028
RIP=0x00007fff590dc02c, EFLAGS=0x0000000000010202, ERR=0x0000000000000007
  TRAPNO=0x000000000000000e

Top of Stack: (sp=0x00007000010c0d90)
0x00007000010c0d90:   00007000010c0e10 00007fff455003ec
0x00007000010c0da0:   0011000000000000 0000000800000000
0x00007000010c0db0:   0000000000000200 00007fc57be50480
0x00007000010c0dc0:   00007fc57be4d980 00007fff590d897a
0x00007000010c0dd0:   00007fc57be49690 0000aa1359018254
0x00007000010c0de0:   00007000010c0e10 00007fc57bd9dd80
0x00007000010c0df0:   0000000000000000 0000000000000000
0x00007000010c0e00:   00007fff924777b0 00007fff92477780
0x00007000010c0e10:   00007000010c0e30 00007fff58e266cd
0x00007000010c0e20:   0000000000030002 0000000104201fc0
0x00007000010c0e30:   00007000010c0e50 00007fff58e1ee88
0x00007000010c0e40:   0000000000030002 0000000104201fc0
0x00007000010c0e50:   00007000010c0ed0 00007fff58e20cd4
0x00007000010c0e60:   0000000000000000 00000000ffffffff
0x00007000010c0e70:   0000000000000000 000320436ae7e3b5
0x00007000010c0e80:   00007fc57d099038 00007fff5825e267
0x00007000010c0e90:   00007fff924777d0 ffffffffffffffff
0x00007000010c0ea0:   00007fc57bd71350 00007000010c1000
0x00007000010c0eb0:   00007fc57bd37a01 0000000000060021
0x00007000010c0ec0:   0000000000000000 0000000000000007
0x00007000010c0ed0:   00007000010c0ee0 00007fff58e20826
0x00007000010c0ee0:   00007000010c0f50 00007fff590e21ca
0x00007000010c0ef0:   0000000000000000 0000000000002000
0x00007000010c0f00:   00000000000000ff 00007000010c1000
0x00007000010c0f10:   0000000000000000 0000000000000021
0x00007000010c0f20:   0000000000000000 00007000010c1000
0x00007000010c0f30:   00007fc57bd37a01 0000000000060021
0x00007000010c0f40:   0000000000000000 0000000000000007
0x00007000010c0f50:   00007000010c0f78 00007fff590e1c4d
0x00007000010c0f60:   0000000000000000 0000000000000000
0x00007000010c0f70:   0000000000000000 0000000000000000
0x00007000010c0f80:   0000000000000000 0000000000000000 

Instructions: (pc=0x00007fff590dc02c)
0x00007fff590dc00c:   00 00 00 00 c5 fc 10 06 48 83 c7 20 48 83 e7 e0
0x00007fff590dc01c:   48 89 f9 48 29 c1 48 01 ce 48 29 ca c5 fc 10 0e
0x00007fff590dc02c:   c5 fc 11 00 c5 fc 57 c0 c5 fc 10 56 20 48 83 c6
0x00007fff590dc03c:   40 48 81 ea 80 00 00 00 76 5a 48 f7 c6 1f 00 00 

Register to memory mapping:

RAX=0x000000011041c800 is an unknown value
RBX=0x0000000000000200 is an unknown value
RCX=0x0000000000000020 is an unknown value
RDX=0x00000000000001e0 is an unknown value
RSP=0x00007000010c0d90 is an unknown value
RBP=0x00007000010c0d90 is an unknown value
RSI=0x00007fc57be50a40 is an unknown value
RDI=0x000000011041c820 is an unknown value
R8 =0x000000010fff4da0 is an unknown value
R9 =0x0000000000000001 is an unknown value
R10=0x00000000000f87e0 is an unknown value
R11=0xffff803b945cbde0 is an unknown value
R12=0x000000011041c800 is an unknown value
R13=0x00007fc57bd9dd80 is an unknown value
R14=0x00007fc57be50a20 is an unknown value
R15=0x0000000000000028 is an unknown value


Stack: [0x0000700001041000,0x00007000010c1000],  sp=0x00007000010c0d90,  free space=511k
Native frames: (J=compiled Java code, j=interpreted, Vv=VM code, C=native code)
C  [libsystem_platform.dylib+0x502c]  _platform_memmove$VARIANT$Haswell+0x10c
C  [CoreUI+0x193ec]  __69-[_CSIRenditionBlockData expandCSIBitmapData:fromSlice:makeReadOnly:]_block_invoke+0x1a0
C  [libdispatch.dylib+0x96cd]  _dispatch_call_block_and_release+0xc
C  [libdispatch.dylib+0x1e88]  _dispatch_client_callout+0x8
C  [libdispatch.dylib+0x3cd4]  _dispatch_root_queue_drain+0x45d
C  [libdispatch.dylib+0x3826]  _dispatch_worker_thread3+0x65
C  [libsystem_pthread.dylib+0x31ca]  _pthread_wqthread+0x56b
C  [libsystem_pthread.dylib+0x2c4d]  start_wqthread+0xd


---------------  P R O C E S S  ---------------

VM state:not at safepoint (normal execution)

VM Mutex/Monitor currently owned by a thread: None

Heap:
 PSYoungGen      total 38400K, used 4660K [0x0000000795580000, 0x0000000798000000, 0x00000007c0000000)
  eden space 33280K, 14% used [0x0000000795580000,0x0000000795a0d368,0x0000000797600000)
  from space 5120K, 0% used [0x0000000797b00000,0x0000000797b00000,0x0000000798000000)
  to   space 5120K, 0% used [0x0000000797600000,0x0000000797600000,0x0000000797b00000)
 ParOldGen       total 87552K, used 0K [0x0000000740000000, 0x0000000745580000, 0x0000000795580000)
  object space 87552K, 0% used [0x0000000740000000,0x0000000740000000,0x0000000745580000)
 Metaspace       used 4696K, capacity 4852K, committed 4992K, reserved 1056768K
  class space    used 548K, capacity 617K, committed 640K, reserved 1048576K

Card table byte_map: [0x0000000105d49000,0x000000010614a000] byte_map_base: 0x0000000102349000

Marking Bits: (ParMarkBitMap*) 0x00000001052dee20
 Begin Bits: [0x00000001063f5000, 0x00000001083f5000)
 End Bits:   [0x00000001083f5000, 0x000000010a3f5000)

Polling page: 0x0000000104162000

CodeCache: size=245760Kb used=1527Kb max_used=1534Kb free=244232Kb
 bounds [0x00000001131a9000, 0x0000000113419000, 0x00000001221a9000]
 total_blobs=505 nmethods=240 adapters=179
 compilation: enabled

Compilation events (10 events):
Event: 1.161 Thread 0x00007fc57d813800  235       3       java.lang.StringBuffer::<init> (7 bytes)
Event: 1.161 Thread 0x00007fc57d813800 nmethod 235 0x0000000113322f50 code [0x00000001133230c0, 0x0000000113323370]
Event: 1.161 Thread 0x00007fc57d813800  236       3       jdk.internal.org.objectweb.asm.Type::getDescriptor (87 bytes)
Event: 1.162 Thread 0x00007fc57c051000  237       4       java.lang.String::equals (81 bytes)
Event: 1.171 Thread 0x00007fc57d813800 nmethod 236 0x0000000113323490 code [0x00000001133236e0, 0x0000000113324ca8]
Event: 1.176 Thread 0x00007fc57c051000 nmethod 237 0x0000000113328610 code [0x0000000113328760, 0x00000001133289f8]
Event: 1.180 Thread 0x00007fc57d813800  238       3       java.lang.AbstractStringBuilder::append (40 bytes)
Event: 1.181 Thread 0x00007fc57d813800 nmethod 238 0x0000000113327f50 code [0x00000001133280e0, 0x00000001133284d8]
Event: 1.198 Thread 0x00007fc57d813800  239       3       jdk.internal.org.objectweb.asm.ByteVector::putByteArray (49 bytes)
Event: 1.199 Thread 0x00007fc57d813800 nmethod 239 0x00000001133273d0 code [0x0000000113327560, 0x0000000113327898]

GC Heap History (0 events):
No events

Deoptimization events (0 events):
No events

Internal exceptions (8 events):
Event: 0.195 Thread 0x00007fc57c003800 Exception <a 'java/lang/NoSuchMethodError': Method sun.misc.Unsafe.defineClass(Ljava/lang/String;[BII)Ljava/lang/Class; name or signature does not match> (0x0000000795592f10) thrown at [/Users/java_re/workspace/8-2-build-macosx-x86_64/jdk8u60/4407/hotspot
Event: 0.195 Thread 0x00007fc57c003800 Exception <a 'java/lang/NoSuchMethodError': Method sun.misc.Unsafe.prefetchRead(Ljava/lang/Object;J)V name or signature does not match> (0x00000007955931f8) thrown at [/Users/java_re/workspace/8-2-build-macosx-x86_64/jdk8u60/4407/hotspot/src/share/vm/prim
Event: 0.733 Thread 0x00007fc57c003800 Exception <a 'java/security/PrivilegedActionException'> (0x000000079578c0b0) thrown at [/Users/java_re/workspace/8-2-build-macosx-x86_64/jdk8u60/4407/hotspot/src/share/vm/prims/jvm.cpp, line 1386]
Event: 0.734 Thread 0x00007fc57c003800 Exception <a 'java/security/PrivilegedActionException'> (0x000000079578c2c0) thrown at [/Users/java_re/workspace/8-2-build-macosx-x86_64/jdk8u60/4407/hotspot/src/share/vm/prims/jvm.cpp, line 1386]
Event: 0.741 Thread 0x00007fc57c003800 Exception <a 'java/security/PrivilegedActionException'> (0x000000079578f560) thrown at [/Users/java_re/workspace/8-2-build-macosx-x86_64/jdk8u60/4407/hotspot/src/share/vm/prims/jvm.cpp, line 1386]
Event: 0.742 Thread 0x00007fc57c003800 Exception <a 'java/security/PrivilegedActionException'> (0x000000079578f770) thrown at [/Users/java_re/workspace/8-2-build-macosx-x86_64/jdk8u60/4407/hotspot/src/share/vm/prims/jvm.cpp, line 1386]
Event: 1.116 Thread 0x00007fc57c003800 Exception <a 'java/lang/NoSuchFieldError': method resolution failed> (0x0000000795864db8) thrown at [/Users/java_re/workspace/8-2-build-macosx-x86_64/jdk8u60/4407/hotspot/src/share/vm/prims/methodHandles.cpp, line 1146]
Event: 1.121 Thread 0x00007fc57c003800 Exception <a 'java/lang/NoSuchFieldError': method resolution failed> (0x0000000795872508) thrown at [/Users/java_re/workspace/8-2-build-macosx-x86_64/jdk8u60/4407/hotspot/src/share/vm/prims/methodHandles.cpp, line 1146]

Events (10 events):
Event: 1.198 loading class java/lang/ProcessEnvironment$StringEnvironment
Event: 1.199 loading class java/lang/ProcessEnvironment$StringEnvironment done
Event: 1.199 loading class java/util/Collections$UnmodifiableMap
Event: 1.201 loading class java/util/Collections$UnmodifiableMap done
Event: 1.217 Thread 0x00007fc57c119000 Thread added: 0x00007fc57c119000
Event: 1.396 loading class sun/awt/AWTAutoShutdown
Event: 1.396 loading class sun/awt/AWTAutoShutdown done
Event: 1.396 loading class java/util/IdentityHashMap
Event: 1.397 loading class java/util/IdentityHashMap done
Event: 1.398 Thread 0x00007fc57c84b000 Thread added: 0x00007fc57c84b000


Dynamic libraries:
0x000000000a1d0000 	/System/Library/Frameworks/Cocoa.framework/Versions/A/Cocoa
0x000000000a1d0000 	/System/Library/Frameworks/Security.framework/Versions/A/Security
0x000000000a1d0000 	/System/Library/Frameworks/ApplicationServices.framework/Versions/A/ApplicationServices
0x000000000a1d0000 	/usr/lib/libz.1.dylib
0x000000000a1d0000 	/usr/lib/libSystem.B.dylib
0x000000000a1d0000 	/usr/lib/libobjc.A.dylib
0x000000000a1d0000 	/System/Library/Frameworks/CoreFoundation.framework/Versions/A/CoreFoundation
0x000000000a1d0000 	/System/Library/Frameworks/Foundation.framework/Versions/C/Foundation
0x000000000a1d0000 	/System/Library/Frameworks/AppKit.framework/Versions/C/AppKit
0x000000000a1d0000 	/System/Library/Frameworks/CoreData.framework/Versions/A/CoreData
0x000000000a1d0000 	/System/Library/PrivateFrameworks/RemoteViewServices.framework/Versions/A/RemoteViewServices
0x000000000a1d0000 	/System/Library/PrivateFrameworks/UIFoundation.framework/Versions/A/UIFoundation
0x000000000a1d0000 	/System/Library/PrivateFrameworks/DFRFoundation.framework/Versions/A/DFRFoundation
0x000000000a1d0000 	/System/Library/Frameworks/Metal.framework/Versions/A/Metal
0x000000000a1d0000 	/System/Library/PrivateFrameworks/DesktopServicesPriv.framework/Versions/A/DesktopServicesPriv
0x000000000a1d0000 	/usr/lib/libenergytrace.dylib
0x000000000a1d0000 	/System/Library/PrivateFrameworks/SkyLight.framework/Versions/A/SkyLight
0x000000000a1d0000 	/System/Library/Frameworks/CoreGraphics.framework/Versions/A/CoreGraphics
0x000000000a1d0000 	/usr/lib/libScreenReader.dylib
0x000000000a1d0000 	/System/Library/Frameworks/Accelerate.framework/Versions/A/Accelerate
0x000000000a1d0000 	/System/Library/Frameworks/IOSurface.framework/Versions/A/IOSurface
0x000000000a1d0000 	/System/Library/Frameworks/AudioToolbox.framework/Versions/A/AudioToolbox
0x000000000a1d0000 	/System/Library/Frameworks/AudioUnit.framework/Versions/A/AudioUnit
0x000000000a1d0000 	/System/Library/PrivateFrameworks/DataDetectorsCore.framework/Versions/A/DataDetectorsCore
0x000000000a1d0000 	/System/Library/Frameworks/Carbon.framework/Versions/A/Frameworks/HIToolbox.framework/Versions/A/HIToolbox
0x000000000a1d0000 	/usr/lib/libicucore.A.dylib
0x000000000a1d0000 	/System/Library/Frameworks/QuartzCore.framework/Versions/A/QuartzCore
0x000000000a1d0000 	/System/Library/Frameworks/Carbon.framework/Versions/A/Frameworks/SpeechRecognition.framework/Versions/A/SpeechRecognition
0x000000000a1d0000 	/usr/lib/libauto.dylib
0x000000000a1d0000 	/usr/lib/libxml2.2.dylib
0x000000000a1d0000 	/System/Library/PrivateFrameworks/CoreUI.framework/Versions/A/CoreUI
0x000000000a1d0000 	/System/Library/Frameworks/CoreAudio.framework/Versions/A/CoreAudio
0x000000000a1d0000 	/System/Library/Frameworks/DiskArbitration.framework/Versions/A/DiskArbitration
0x000000000a1d0000 	/usr/lib/liblangid.dylib
0x000000000a1d0000 	/System/Library/PrivateFrameworks/MultitouchSupport.framework/Versions/A/MultitouchSupport
0x000000000a1d0000 	/System/Library/Frameworks/IOKit.framework/Versions/A/IOKit
0x000000000a1d0000 	/usr/lib/libDiagnosticMessagesClient.dylib
0x000000000a1d0000 	/System/Library/Frameworks/CoreServices.framework/Versions/A/CoreServices
0x000000000a1d0000 	/System/Library/PrivateFrameworks/PerformanceAnalysis.framework/Versions/A/PerformanceAnalysis
0x000000000a1d0000 	/System/Library/Frameworks/OpenGL.framework/Versions/A/OpenGL
0x000000000a1d0000 	/System/Library/Frameworks/ColorSync.framework/Versions/A/ColorSync
0x000000000a1d0000 	/System/Library/Frameworks/CoreImage.framework/Versions/A/CoreImage
0x000000000a1d0000 	/System/Library/Frameworks/CoreText.framework/Versions/A/CoreText
0x000000000a1d0000 	/System/Library/Frameworks/ImageIO.framework/Versions/A/ImageIO
0x000000000a1d0000 	/System/Library/PrivateFrameworks/Backup.framework/Versions/A/Backup
0x000000000a1d0000 	/usr/lib/libarchive.2.dylib
0x000000000a1d0000 	/System/Library/Frameworks/CFNetwork.framework/Versions/A/CFNetwork
0x000000000a1d0000 	/System/Library/Frameworks/SystemConfiguration.framework/Versions/A/SystemConfiguration
0x000000000a1d0000 	/usr/lib/libCRFSuite.dylib
0x000000000a1d0000 	/usr/lib/libc++.1.dylib
0x000000000a1d0000 	/usr/lib/libc++abi.dylib
0x000000000a1d0000 	/usr/lib/system/libcache.dylib
0x000000000a1d0000 	/usr/lib/system/libcommonCrypto.dylib
0x000000000a1d0000 	/usr/lib/system/libcompiler_rt.dylib
0x000000000a1d0000 	/usr/lib/system/libcopyfile.dylib
0x000000000a1d0000 	/usr/lib/system/libcorecrypto.dylib
0x000000000a1d0000 	/usr/lib/system/libdispatch.dylib
0x000000000a1d0000 	/usr/lib/system/libdyld.dylib
0x000000000a1d0000 	/usr/lib/system/libkeymgr.dylib
0x000000000a1d0000 	/usr/lib/system/liblaunch.dylib
0x000000000a1d0000 	/usr/lib/system/libmacho.dylib
0x000000000a1d0000 	/usr/lib/system/libquarantine.dylib
0x000000000a1d0000 	/usr/lib/system/libremovefile.dylib
0x000000000a1d0000 	/usr/lib/system/libsystem_asl.dylib
0x000000000a1d0000 	/usr/lib/system/libsystem_blocks.dylib
0x000000000a1d0000 	/usr/lib/system/libsystem_c.dylib
0x000000000a1d0000 	/usr/lib/system/libsystem_configuration.dylib
0x000000000a1d0000 	/usr/lib/system/libsystem_coreservices.dylib
0x000000000a1d0000 	/usr/lib/system/libsystem_darwin.dylib
0x000000000a1d0000 	/usr/lib/system/libsystem_dnssd.dylib
0x000000000a1d0000 	/usr/lib/system/libsystem_info.dylib
0x000000000a1d0000 	/usr/lib/system/libsystem_m.dylib
0x000000000a1d0000 	/usr/lib/system/libsystem_malloc.dylib
0x000000000a1d0000 	/usr/lib/system/libsystem_network.dylib
0x000000000a1d0000 	/usr/lib/system/libsystem_networkextension.dylib
0x000000000a1d0000 	/usr/lib/system/libsystem_notify.dylib
0x000000000a1d0000 	/usr/lib/system/libsystem_sandbox.dylib
0x000000000a1d0000 	/usr/lib/system/libsystem_secinit.dylib
0x000000000a1d0000 	/usr/lib/system/libsystem_kernel.dylib
0x000000000a1d0000 	/usr/lib/system/libsystem_platform.dylib
0x000000000a1d0000 	/usr/lib/system/libsystem_pthread.dylib
0x000000000a1d0000 	/usr/lib/system/libsystem_symptoms.dylib
0x000000000a1d0000 	/usr/lib/system/libsystem_trace.dylib
0x000000000a1d0000 	/usr/lib/system/libunwind.dylib
0x000000000a1d0000 	/usr/lib/system/libxpc.dylib
0x000000000a1d0000 	/usr/lib/closure/libclosured.dylib
0x000000000a1d0000 	/usr/lib/libbsm.0.dylib
0x000000000a1d0000 	/usr/lib/system/libkxld.dylib
0x000000000a1d0000 	/usr/lib/libOpenScriptingUtil.dylib
0x000000000a1d0000 	/usr/lib/libcoretls.dylib
0x000000000a1d0000 	/usr/lib/libcoretls_cfhelpers.dylib
0x000000000a1d0000 	/usr/lib/libpam.2.dylib
0x000000000a1d0000 	/usr/lib/libsqlite3.dylib
0x000000000a1d0000 	/usr/lib/libxar.1.dylib
0x000000000a1d0000 	/usr/lib/libbz2.1.0.dylib
0x000000000a1d0000 	/usr/lib/liblzma.5.dylib
0x000000000a1d0000 	/usr/lib/libnetwork.dylib
0x000000000a1d0000 	/usr/lib/libapple_nghttp2.dylib
0x000000000a1d0000 	/usr/lib/libpcap.A.dylib
0x000000000a1d0000 	/usr/lib/libboringssl.dylib
0x000000000a1d0000 	/usr/lib/libusrtcp.dylib
0x000000000a1d0000 	/usr/lib/libapple_crypto.dylib
0x000000000a1d0000 	/System/Library/Frameworks/CoreServices.framework/Versions/A/Frameworks/FSEvents.framework/Versions/A/FSEvents
0x000000000a1d0000 	/System/Library/Frameworks/CoreServices.framework/Versions/A/Frameworks/CarbonCore.framework/Versions/A/CarbonCore
0x000000000a1d0000 	/System/Library/Frameworks/CoreServices.framework/Versions/A/Frameworks/Metadata.framework/Versions/A/Metadata
0x000000000a1d0000 	/System/Library/Frameworks/CoreServices.framework/Versions/A/Frameworks/OSServices.framework/Versions/A/OSServices
0x000000000a1d0000 	/System/Library/Frameworks/CoreServices.framework/Versions/A/Frameworks/SearchKit.framework/Versions/A/SearchKit
0x000000000a1d0000 	/System/Library/Frameworks/CoreServices.framework/Versions/A/Frameworks/AE.framework/Versions/A/AE
0x000000000a1d0000 	/System/Library/Frameworks/CoreServices.framework/Versions/A/Frameworks/LaunchServices.framework/Versions/A/LaunchServices
0x000000000a1d0000 	/System/Library/Frameworks/CoreServices.framework/Versions/A/Frameworks/DictionaryServices.framework/Versions/A/DictionaryServices
0x000000000a1d0000 	/System/Library/Frameworks/CoreServices.framework/Versions/A/Frameworks/SharedFileList.framework/Versions/A/SharedFileList
0x000000000a1d0000 	/System/Library/Frameworks/NetFS.framework/Versions/A/NetFS
0x000000000a1d0000 	/System/Library/PrivateFrameworks/NetAuth.framework/Versions/A/NetAuth
0x000000000a1d0000 	/System/Library/PrivateFrameworks/login.framework/Versions/A/Frameworks/loginsupport.framework/Versions/A/loginsupport
0x000000000a1d0000 	/System/Library/PrivateFrameworks/TCC.framework/Versions/A/TCC
0x000000000a1d0000 	/usr/lib/libmecabra.dylib
0x000000000a1d0000 	/System/Library/Frameworks/ApplicationServices.framework/Versions/A/Frameworks/ATS.framework/Versions/A/ATS
0x000000000a1d0000 	/System/Library/Frameworks/ApplicationServices.framework/Versions/A/Frameworks/ColorSyncLegacy.framework/Versions/A/ColorSyncLegacy
0x000000000a1d0000 	/System/Library/Frameworks/ApplicationServices.framework/Versions/A/Frameworks/HIServices.framework/Versions/A/HIServices
0x000000000a1d0000 	/System/Library/Frameworks/ApplicationServices.framework/Versions/A/Frameworks/LangAnalysis.framework/Versions/A/LangAnalysis
0x000000000a1d0000 	/System/Library/Frameworks/ApplicationServices.framework/Versions/A/Frameworks/PrintCore.framework/Versions/A/PrintCore
0x000000000a1d0000 	/System/Library/Frameworks/ApplicationServices.framework/Versions/A/Frameworks/QD.framework/Versions/A/QD
0x000000000a1d0000 	/System/Library/Frameworks/ApplicationServices.framework/Versions/A/Frameworks/SpeechSynthesis.framework/Versions/A/SpeechSynthesis
0x000000000a1d0000 	/System/Library/Frameworks/CoreDisplay.framework/Versions/A/CoreDisplay
0x000000000a1d0000 	/System/Library/Frameworks/Accelerate.framework/Versions/A/Frameworks/vImage.framework/Versions/A/vImage
0x000000000a1d0000 	/System/Library/Frameworks/Accelerate.framework/Versions/A/Frameworks/vecLib.framework/Versions/A/vecLib
0x000000000a1d0000 	/System/Library/Frameworks/Accelerate.framework/Versions/A/Frameworks/vecLib.framework/Versions/A/libvDSP.dylib
0x000000000a1d0000 	/System/Library/Frameworks/Accelerate.framework/Versions/A/Frameworks/vecLib.framework/Versions/A/libBNNS.dylib
0x000000000a1d0000 	/System/Library/Frameworks/Accelerate.framework/Versions/A/Frameworks/vecLib.framework/Versions/A/libQuadrature.dylib
0x000000000a1d0000 	/System/Library/Frameworks/Accelerate.framework/Versions/A/Frameworks/vecLib.framework/Versions/A/libvMisc.dylib
0x000000000a1d0000 	/System/Library/Frameworks/Accelerate.framework/Versions/A/Frameworks/vecLib.framework/Versions/A/libLAPACK.dylib
0x000000000a1d0000 	/System/Library/Frameworks/Accelerate.framework/Versions/A/Frameworks/vecLib.framework/Versions/A/libBLAS.dylib
0x000000000a1d0000 	/System/Library/Frameworks/Accelerate.framework/Versions/A/Frameworks/vecLib.framework/Versions/A/libLinearAlgebra.dylib
0x000000000a1d0000 	/System/Library/Frameworks/Accelerate.framework/Versions/A/Frameworks/vecLib.framework/Versions/A/libSparse.dylib
0x000000000a1d0000 	/System/Library/Frameworks/Accelerate.framework/Versions/A/Frameworks/vecLib.framework/Versions/A/libSparseBLAS.dylib
0x000000000a1d0000 	/System/Library/PrivateFrameworks/IOAccelerator.framework/Versions/A/IOAccelerator
0x000000000a1d0000 	/System/Library/PrivateFrameworks/IOPresentment.framework/Versions/A/IOPresentment
0x000000000a1d0000 	/System/Library/PrivateFrameworks/DSExternalDisplay.framework/Versions/A/DSExternalDisplay
0x000000000a1d0000 	/System/Library/Frameworks/OpenGL.framework/Versions/A/Libraries/libCoreFSCache.dylib
0x000000000a1d0000 	/System/Library/Frameworks/CoreVideo.framework/Versions/A/CoreVideo
0x000000000a1d0000 	/System/Library/PrivateFrameworks/GraphVisualizer.framework/Versions/A/GraphVisualizer
0x000000000a1d0000 	/System/Library/Frameworks/MetalPerformanceShaders.framework/Versions/A/MetalPerformanceShaders
0x000000000a1d0000 	/usr/lib/libFosl_dynamic.dylib
0x000000000a1d0000 	/System/Library/PrivateFrameworks/FaceCore.framework/Versions/A/FaceCore
0x000000000a1d0000 	/System/Library/Frameworks/OpenCL.framework/Versions/A/OpenCL
0x000000000a1d0000 	/usr/lib/libcompression.dylib
0x000000000a1d0000 	/System/Library/Frameworks/ApplicationServices.framework/Versions/A/Frameworks/ATS.framework/Versions/A/Resources/libFontParser.dylib
0x000000000a1d0000 	/System/Library/Frameworks/ApplicationServices.framework/Versions/A/Frameworks/ATS.framework/Versions/A/Resources/libFontRegistry.dylib
0x000000000a1d0000 	/System/Library/Frameworks/ImageIO.framework/Versions/A/Resources/libJPEG.dylib
0x000000000a1d0000 	/System/Library/Frameworks/ImageIO.framework/Versions/A/Resources/libTIFF.dylib
0x000000000a1d0000 	/System/Library/Frameworks/ImageIO.framework/Versions/A/Resources/libPng.dylib
0x000000000a1d0000 	/System/Library/Frameworks/ImageIO.framework/Versions/A/Resources/libGIF.dylib
0x000000000a1d0000 	/System/Library/Frameworks/ImageIO.framework/Versions/A/Resources/libJP2.dylib
0x000000000a1d0000 	/System/Library/Frameworks/ImageIO.framework/Versions/A/Resources/libRadiance.dylib
0x000000000a1d0000 	/System/Library/PrivateFrameworks/AppleJPEG.framework/Versions/A/AppleJPEG
0x000000000a1d0000 	/System/Library/PrivateFrameworks/MetalTools.framework/Versions/A/MetalTools
0x000000000a1d0000 	/System/Library/Frameworks/MetalPerformanceShaders.framework/Frameworks/MPSCore.framework/Versions/A/MPSCore
0x000000000a1d0000 	/System/Library/Frameworks/MetalPerformanceShaders.framework/Frameworks/MPSImage.framework/Versions/A/MPSImage
0x000000000a1d0000 	/System/Library/Frameworks/MetalPerformanceShaders.framework/Frameworks/MPSMatrix.framework/Versions/A/MPSMatrix
0x000000000a1d0000 	/System/Library/Frameworks/MetalPerformanceShaders.framework/Frameworks/MPSNeuralNetwork.framework/Versions/A/MPSNeuralNetwork
0x000000000a1d0000 	/System/Library/Frameworks/OpenGL.framework/Versions/A/Libraries/libGLU.dylib
0x000000000a1d0000 	/System/Library/Frameworks/OpenGL.framework/Versions/A/Libraries/libGFXShared.dylib
0x000000000a1d0000 	/System/Library/Frameworks/OpenGL.framework/Versions/A/Libraries/libGL.dylib
0x000000000a1d0000 	/System/Library/Frameworks/OpenGL.framework/Versions/A/Libraries/libGLImage.dylib
0x000000000a1d0000 	/System/Library/Frameworks/OpenGL.framework/Versions/A/Libraries/libCVMSPluginSupport.dylib
0x000000000a1d0000 	/System/Library/Frameworks/OpenGL.framework/Versions/A/Libraries/libCoreVMClient.dylib
0x000000000a1d0000 	/usr/lib/libcups.2.dylib
0x000000000a1d0000 	/System/Library/Frameworks/Kerberos.framework/Versions/A/Kerberos
0x000000000a1d0000 	/System/Library/Frameworks/GSS.framework/Versions/A/GSS
0x000000000a1d0000 	/usr/lib/libresolv.9.dylib
0x000000000a1d0000 	/usr/lib/libiconv.2.dylib
0x000000000a1d0000 	/System/Library/PrivateFrameworks/Heimdal.framework/Versions/A/Heimdal
0x000000000a1d0000 	/usr/lib/libheimdal-asn1.dylib
0x000000000a1d0000 	/System/Library/Frameworks/OpenDirectory.framework/Versions/A/OpenDirectory
0x000000000a1d0000 	/System/Library/PrivateFrameworks/CommonAuth.framework/Versions/A/CommonAuth
0x000000000a1d0000 	/System/Library/Frameworks/OpenDirectory.framework/Versions/A/Frameworks/CFOpenDirectory.framework/Versions/A/CFOpenDirectory
0x000000000a1d0000 	/System/Library/Frameworks/SecurityFoundation.framework/Versions/A/SecurityFoundation
0x000000000a1d0000 	/System/Library/PrivateFrameworks/APFS.framework/Versions/A/APFS
0x000000000a1d0000 	/usr/lib/libutil.dylib
0x000000000a1d0000 	/System/Library/PrivateFrameworks/AppleSauce.framework/Versions/A/AppleSauce
0x000000000a1d0000 	/System/Library/PrivateFrameworks/LinguisticData.framework/Versions/A/LinguisticData
0x000000000a1d0000 	/usr/lib/libmarisa.dylib
0x000000000a1d0000 	/System/Library/PrivateFrameworks/Lexicon.framework/Versions/A/Lexicon
0x000000000a1d0000 	/usr/lib/libChineseTokenizer.dylib
0x000000000a1d0000 	/usr/lib/libcmph.dylib
0x000000000a1d0000 	/System/Library/PrivateFrameworks/LanguageModeling.framework/Versions/A/LanguageModeling
0x000000000a1d0000 	/System/Library/PrivateFrameworks/CoreEmoji.framework/Versions/A/CoreEmoji
0x000000000a1d0000 	/System/Library/Frameworks/ServiceManagement.framework/Versions/A/ServiceManagement
0x000000000a1d0000 	/System/Library/PrivateFrameworks/BackgroundTaskManagement.framework/Versions/A/BackgroundTaskManagement
0x000000000a1d0000 	/usr/lib/libxslt.1.dylib
0x000000000a1d0000 	/System/Library/Frameworks/Carbon.framework/Versions/A/Frameworks/Ink.framework/Versions/A/Ink
0x000000000a1d0000 	/System/Library/PrivateFrameworks/TextureIO.framework/Versions/A/TextureIO
0x000000000a1d0000 	/usr/lib/libate.dylib
0x000000000a1d0000 	/System/Library/PrivateFrameworks/CrashReporterSupport.framework/Versions/A/CrashReporterSupport
0x000000000a1d0000 	/System/Library/PrivateFrameworks/Sharing.framework/Versions/A/Sharing
0x000000000a1d0000 	/System/Library/PrivateFrameworks/IconServices.framework/Versions/A/IconServices
0x000000000a1d0000 	/System/Library/PrivateFrameworks/ProtocolBuffer.framework/Versions/A/ProtocolBuffer
0x000000000a1d0000 	/System/Library/PrivateFrameworks/Apple80211.framework/Versions/A/Apple80211
0x000000000a1d0000 	/System/Library/Frameworks/CoreWLAN.framework/Versions/A/CoreWLAN
0x000000000a1d0000 	/System/Library/PrivateFrameworks/CoreUtils.framework/Versions/A/CoreUtils
0x000000000a1d0000 	/System/Library/Frameworks/IOBluetooth.framework/Versions/A/IOBluetooth
0x000000000a1d0000 	/System/Library/PrivateFrameworks/CoreWiFi.framework/Versions/A/CoreWiFi
0x000000000a1d0000 	/System/Library/Frameworks/CoreBluetooth.framework/Versions/A/CoreBluetooth
0x000000000a1d0000 	/System/Library/PrivateFrameworks/SignpostNotification.framework/Versions/A/SignpostNotification
0x000000000a1d0000 	/System/Library/PrivateFrameworks/DebugSymbols.framework/Versions/A/DebugSymbols
0x000000000a1d0000 	/System/Library/PrivateFrameworks/CoreSymbolication.framework/Versions/A/CoreSymbolication
0x000000000a1d0000 	/System/Library/PrivateFrameworks/Symbolication.framework/Versions/A/Symbolication
0x000000000a1d0000 	/System/Library/PrivateFrameworks/AppleFSCompression.framework/Versions/A/AppleFSCompression
0x000000000a1d0000 	/System/Library/PrivateFrameworks/SpeechRecognitionCore.framework/Versions/A/SpeechRecognitionCore
0x000000000a1d0000 	/System/Library/CoreServices/Encodings/libCyrillicConverter.dylib
0x0000000104a00000 	/Library/Java/JavaVirtualMachines/jdk1.8.0_60.jdk/Contents/Home/jre/lib/server/libjvm.dylib
0x000000000a1d0000 	/usr/lib/libstdc++.6.0.9.dylib
0x000000010411f000 	/Library/Java/JavaVirtualMachines/jdk1.8.0_60.jdk/Contents/Home/jre/lib/libverify.dylib
0x000000010412d000 	/Library/Java/JavaVirtualMachines/jdk1.8.0_60.jdk/Contents/Home/jre/lib/libjava.dylib
0x00000001041ac000 	/Library/Java/JavaVirtualMachines/jdk1.8.0_60.jdk/Contents/Home/jre/lib/libzip.dylib
0x000000000a1d0000 	/System/Library/Frameworks/JavaVM.framework/Versions/A/Frameworks/JavaRuntimeSupport.framework/Versions/A/JavaRuntimeSupport
0x000000000a1d0000 	/System/Library/Frameworks/JavaVM.framework/Versions/A/Frameworks/JavaNativeFoundation.framework/Versions/A/JavaNativeFoundation
0x000000000a1d0000 	/System/Library/Frameworks/JavaVM.framework/Versions/A/JavaVM
0x000000000a1d0000 	/System/Library/Frameworks/Carbon.framework/Versions/A/Carbon
0x000000000a1d0000 	/System/Library/PrivateFrameworks/JavaLaunching.framework/Versions/A/JavaLaunching
0x000000000a1d0000 	/System/Library/Frameworks/Carbon.framework/Versions/A/Frameworks/CommonPanels.framework/Versions/A/CommonPanels
0x000000000a1d0000 	/System/Library/Frameworks/Carbon.framework/Versions/A/Frameworks/Help.framework/Versions/A/Help
0x000000000a1d0000 	/System/Library/Frameworks/Carbon.framework/Versions/A/Frameworks/ImageCapture.framework/Versions/A/ImageCapture
0x000000000a1d0000 	/System/Library/Frameworks/Carbon.framework/Versions/A/Frameworks/OpenScripting.framework/Versions/A/OpenScripting
0x000000000a1d0000 	/System/Library/Frameworks/Carbon.framework/Versions/A/Frameworks/Print.framework/Versions/A/Print
0x000000000a1d0000 	/System/Library/Frameworks/Carbon.framework/Versions/A/Frameworks/SecurityHI.framework/Versions/A/SecurityHI
0x000000010dc73000 	/Library/Java/JavaVirtualMachines/jdk1.8.0_60.jdk/Contents/Home/jre/lib/libawt.dylib
0x000000010dd1b000 	/Library/Java/JavaVirtualMachines/jdk1.8.0_60.jdk/Contents/Home/jre/lib/./libmlib_image.dylib
0x000000010dde7000 	/Library/Java/JavaVirtualMachines/jdk1.8.0_60.jdk/Contents/Home/jre/lib/libawt_lwawt.dylib
0x000000010de9c000 	/Library/Java/JavaVirtualMachines/jdk1.8.0_60.jdk/Contents/Home/jre/lib/./libosxapp.dylib
0x000000000a1d0000 	/System/Library/Frameworks/ExceptionHandling.framework/Versions/A/ExceptionHandling
0x000000000a1d0000 	/System/Library/PrivateFrameworks/CoreServicesInternal.framework/Versions/A/CoreServicesInternal
0x000000000a1d0000 	/System/Library/CoreServices/RawCamera.bundle/Contents/MacOS/RawCamera
0x000000000a1d0000 	/System/Library/PrivateFrameworks/MobileAsset.framework/Versions/A/MobileAsset
0x000000000a1d0000 	/System/Library/PrivateFrameworks/StreamingZip.framework/Versions/A/StreamingZip
0x000000000a1d0000 	/System/Library/Frameworks/MediaToolbox.framework/Versions/A/MediaToolbox
0x000000000a1d0000 	/System/Library/PrivateFrameworks/CoreAVCHD.framework/Versions/A/CoreAVCHD
0x000000000a1d0000 	/System/Library/Frameworks/MediaAccessibility.framework/Versions/A/MediaAccessibility
0x000000000a1d0000 	/System/Library/PrivateFrameworks/Mangrove.framework/Versions/A/Mangrove
0x000000000a1d0000 	/System/Library/Frameworks/CoreMedia.framework/Versions/A/CoreMedia
0x000000000a1d0000 	/System/Library/Frameworks/VideoToolbox.framework/Versions/A/VideoToolbox
0x000000000a1d0000 	/System/Library/PrivateFrameworks/CoreAUC.framework/Versions/A/CoreAUC
0x000000000a1d0000 	/usr/lib/libspindump.dylib
0x000000000a1d0000 	/usr/lib/libdscsym.dylib
0x000000000a1d0000 	/System/Library/PrivateFrameworks/AppleVA.framework/Versions/A/AppleVA
0x000000000a1d0000 	/System/Library/Frameworks/Accelerate.framework/Versions/A/Frameworks/vImage.framework/Versions/A/Libraries/libCGInterfaces.dylib
0x000000000a1d0000 	/System/Library/Frameworks/ApplicationServices.framework/Versions/A/Frameworks/ATS.framework/Versions/A/Resources/libTrueTypeScaler.dylib
0x000000000a1d0000 	/System/Library/Frameworks/OpenGL.framework/Versions/A/Resources/GLEngine.bundle/GLEngine
0x000000000a1d0000 	/System/Library/Frameworks/OpenGL.framework/Versions/A/Libraries/libGLProgrammability.dylib
0x0000000110431000 	/System/Library/Extensions/AppleIntelHD5000GraphicsGLDriver.bundle/Contents/MacOS/AppleIntelHD5000GraphicsGLDriver
0x000000000a1d0000 	/System/Library/PrivateFrameworks/GPUSupport.framework/Versions/A/Libraries/libGPUSupportMercury.dylib
0x000000000a1d0000 	/System/Library/Frameworks/OpenGL.framework/Versions/A/Resources/GLRendererFloat.bundle/GLRendererFloat
0x000000000a1d0000 	/System/Library/Frameworks/OpenCL.framework/Versions/A/Libraries/libcldcpuengine.dylib
0x000000000a1d0000 	/usr/lib/libcrypto.35.dylib
0x000000000a1d0000 	/System/Library/PrivateFrameworks/TrustEvaluationAgent.framework/Versions/A/TrustEvaluationAgent
0x000000000a1d0000 	/System/Library/Extensions/AppleIntelHD5000GraphicsMTLDriver.bundle/Contents/MacOS/AppleIntelHD5000GraphicsMTLDriver
0x000000000a1d0000 	/System/Library/PrivateFrameworks/GPUCompiler.framework/Versions/3802/Libraries/libmetal_timestamp.dylib

VM Arguments:
jvm_args: -Dfile.encoding=UTF-8 
java_command: assignmentdemo.AssignmentDemo
java_class_path (initial): /Users/yannikolaev/Documents/University/MSc Computing/CO4403 Object-Oriented Software Development/sqlite-jdbc-3.20.0.jar:/Users/yannikolaev/Documents/University/MSc Computing/CO4403 Object-Oriented Software Development/AssignmentDemo/build/classes
Launcher Type: SUN_STANDARD

Environment Variables:
PATH=/usr/bin:/bin:/usr/sbin:/sbin
LD_LIBRARY_PATH=/Library/Java/JavaVirtualMachines/jdk1.8.0_60.jdk/Contents/Home/jre/lib/amd64:/Library/Java/JavaVirtualMachines/jdk1.8.0_60.jdk/Contents/Home/jre/lib/i386:
SHELL=/bin/bash
DISPLAY=/private/tmp/com.apple.launchd.gCW1DV55hP/org.macosforge.xquartz:0

Signal Handlers:
SIGSEGV: [libjvm.dylib+0x5a6d31], sa_mask[0]=11111111011111110111111111111111, sa_flags=SA_ONSTACK|SA_RESTART|SA_SIGINFO
SIGBUS: [libjvm.dylib+0x5a6d31], sa_mask[0]=11111111011111110111111111111111, sa_flags=SA_RESTART|SA_SIGINFO
SIGFPE: [libjvm.dylib+0x480a4c], sa_mask[0]=11111111011111110111111111111111, sa_flags=SA_RESTART|SA_SIGINFO
SIGPIPE: [libjvm.dylib+0x480a4c], sa_mask[0]=11111111011111110111111111111111, sa_flags=SA_RESTART|SA_SIGINFO
SIGXFSZ: [libjvm.dylib+0x480a4c], sa_mask[0]=11111111011111110111111111111111, sa_flags=SA_RESTART|SA_SIGINFO
SIGILL: [libjvm.dylib+0x480a4c], sa_mask[0]=11111111011111110111111111111111, sa_flags=SA_RESTART|SA_SIGINFO
SIGUSR1: SIG_DFL, sa_mask[0]=00000000000000000000000000000000, sa_flags=none
SIGUSR2: [libjvm.dylib+0x48056a], sa_mask[0]=00100000000000000000000000000000, sa_flags=SA_RESTART|SA_SIGINFO
SIGHUP: [libjvm.dylib+0x47eb41], sa_mask[0]=11111111011111110111111111111111, sa_flags=SA_RESTART|SA_SIGINFO
SIGINT: SIG_IGN, sa_mask[0]=00000000000000000000000000000000, sa_flags=none
SIGTERM: [libjvm.dylib+0x47eb41], sa_mask[0]=11111111011111110111111111111111, sa_flags=SA_RESTART|SA_SIGINFO
SIGQUIT: [libjvm.dylib+0x47eb41], sa_mask[0]=11111111011111110111111111111111, sa_flags=SA_RESTART|SA_SIGINFO


---------------  S Y S T E M  ---------------

OS:Bsduname:Darwin 17.2.0 Darwin Kernel Version 17.2.0: Fri Sep 29 18:27:05 PDT 2017; root:xnu-4570.20.62~3/RELEASE_X86_64 x86_64
rlimit: STACK 8192k, CORE 0k, NPROC 709, NOFILE 10240, AS infinity
load average:4.07 3.69 3.54

CPU:total 4 (2 cores per cpu, 2 threads per core) family 6 model 69 stepping 1, cmov, cx8, fxsr, mmx, sse, sse2, sse3, ssse3, sse4.1, sse4.2, popcnt, avx, avx2, aes, clmul, erms, lzcnt, ht, tsc, tscinvbit, bmi1, bmi2

Memory: 4k page, physical 8388608k(148224k free)

/proc/meminfo:


vm_info: Java HotSpot(TM) 64-Bit Server VM (25.60-b23) for bsd-amd64 JRE (1.8.0_60-b27), built on Aug  4 2015 10:47:24 by "java_re" with gcc 4.2.1 (Based on Apple Inc. build 5658) (LLVM build 2336.11.00)

time: Tue Nov 28 21:25:17 2017
elapsed time: 1 seconds (0d 0h 0m 1s)

